{"/home/ermichel/projects/Prosper/apps/web/src/components/StudySummaryPanel.tsx": {"path":"/home/ermichel/projects/Prosper/apps/web/src/components/StudySummaryPanel.tsx","all":false,"statementMap":{"0":{"start":{"line":1,"column":0},"end":{"line":1,"column":40}},"12":{"start":{"line":13,"column":0},"end":{"line":13,"column":55}},"13":{"start":{"line":14,"column":0},"end":{"line":14,"column":49}},"14":{"start":{"line":15,"column":0},"end":{"line":15,"column":36}},"15":{"start":{"line":16,"column":0},"end":{"line":16,"column":66}},"16":{"start":{"line":17,"column":0},"end":{"line":17,"column":100}},"17":{"start":{"line":18,"column":0},"end":{"line":18,"column":59}},"19":{"start":{"line":20,"column":0},"end":{"line":20,"column":54}},"20":{"start":{"line":21,"column":0},"end":{"line":21,"column":24}},"21":{"start":{"line":22,"column":0},"end":{"line":22,"column":22}},"22":{"start":{"line":23,"column":0},"end":{"line":23,"column":38}},"23":{"start":{"line":24,"column":0},"end":{"line":24,"column":23}},"24":{"start":{"line":25,"column":0},"end":{"line":25,"column":19}},"25":{"start":{"line":26,"column":0},"end":{"line":26,"column":71}},"26":{"start":{"line":27,"column":0},"end":{"line":27,"column":5}},"28":{"start":{"line":29,"column":0},"end":{"line":29,"column":10}},"29":{"start":{"line":30,"column":0},"end":{"line":30,"column":101}},"30":{"start":{"line":31,"column":0},"end":{"line":31,"column":115}},"31":{"start":{"line":32,"column":0},"end":{"line":32,"column":95}},"32":{"start":{"line":33,"column":0},"end":{"line":33,"column":100}},"33":{"start":{"line":34,"column":0},"end":{"line":34,"column":88}},"34":{"start":{"line":35,"column":0},"end":{"line":35,"column":94}},"35":{"start":{"line":36,"column":0},"end":{"line":36,"column":12}},"37":{"start":{"line":38,"column":0},"end":{"line":38,"column":35}},"39":{"start":{"line":40,"column":0},"end":{"line":40,"column":31}},"40":{"start":{"line":41,"column":0},"end":{"line":41,"column":53}},"41":{"start":{"line":42,"column":0},"end":{"line":42,"column":115}},"42":{"start":{"line":43,"column":0},"end":{"line":43,"column":16}},"43":{"start":{"line":44,"column":0},"end":{"line":44,"column":82}},"44":{"start":{"line":45,"column":0},"end":{"line":45,"column":84}},"45":{"start":{"line":46,"column":0},"end":{"line":46,"column":83}},"46":{"start":{"line":47,"column":0},"end":{"line":47,"column":85}},"47":{"start":{"line":48,"column":0},"end":{"line":48,"column":82}},"48":{"start":{"line":49,"column":0},"end":{"line":49,"column":85}},"49":{"start":{"line":50,"column":0},"end":{"line":50,"column":72}},"50":{"start":{"line":51,"column":0},"end":{"line":51,"column":83}},"51":{"start":{"line":52,"column":0},"end":{"line":52,"column":90}},"52":{"start":{"line":53,"column":0},"end":{"line":53,"column":93}},"53":{"start":{"line":54,"column":0},"end":{"line":54,"column":66}},"54":{"start":{"line":55,"column":0},"end":{"line":55,"column":76}},"55":{"start":{"line":56,"column":0},"end":{"line":56,"column":81}},"56":{"start":{"line":57,"column":0},"end":{"line":57,"column":86}},"57":{"start":{"line":58,"column":0},"end":{"line":58,"column":41}},"58":{"start":{"line":59,"column":0},"end":{"line":59,"column":106}},"59":{"start":{"line":60,"column":0},"end":{"line":60,"column":76}},"60":{"start":{"line":61,"column":0},"end":{"line":61,"column":76}},"61":{"start":{"line":62,"column":0},"end":{"line":62,"column":22}},"62":{"start":{"line":63,"column":0},"end":{"line":63,"column":17}},"63":{"start":{"line":64,"column":0},"end":{"line":64,"column":18}},"64":{"start":{"line":65,"column":0},"end":{"line":65,"column":34}},"68":{"start":{"line":69,"column":0},"end":{"line":69,"column":33}},"69":{"start":{"line":70,"column":0},"end":{"line":70,"column":57}},"70":{"start":{"line":71,"column":0},"end":{"line":71,"column":17}},"71":{"start":{"line":72,"column":0},"end":{"line":72,"column":96}},"72":{"start":{"line":73,"column":0},"end":{"line":73,"column":30}},"73":{"start":{"line":74,"column":0},"end":{"line":74,"column":56}},"74":{"start":{"line":75,"column":0},"end":{"line":75,"column":73}},"75":{"start":{"line":76,"column":0},"end":{"line":76,"column":68}},"76":{"start":{"line":77,"column":0},"end":{"line":77,"column":34}},"77":{"start":{"line":78,"column":0},"end":{"line":78,"column":19}},"78":{"start":{"line":79,"column":0},"end":{"line":79,"column":101}},"79":{"start":{"line":80,"column":0},"end":{"line":80,"column":23}},"80":{"start":{"line":81,"column":0},"end":{"line":81,"column":116}},"82":{"start":{"line":83,"column":0},"end":{"line":83,"column":25}},"83":{"start":{"line":84,"column":0},"end":{"line":84,"column":20}},"84":{"start":{"line":85,"column":0},"end":{"line":85,"column":49}},"85":{"start":{"line":86,"column":0},"end":{"line":86,"column":59}},"86":{"start":{"line":87,"column":0},"end":{"line":87,"column":53}},"87":{"start":{"line":88,"column":0},"end":{"line":88,"column":86}},"88":{"start":{"line":89,"column":0},"end":{"line":89,"column":21}},"89":{"start":{"line":90,"column":0},"end":{"line":90,"column":21}},"91":{"start":{"line":92,"column":0},"end":{"line":92,"column":18}},"92":{"start":{"line":93,"column":0},"end":{"line":93,"column":56}},"96":{"start":{"line":97,"column":0},"end":{"line":97,"column":28}},"97":{"start":{"line":98,"column":0},"end":{"line":98,"column":43}},"98":{"start":{"line":99,"column":0},"end":{"line":99,"column":63}},"99":{"start":{"line":100,"column":0},"end":{"line":100,"column":101}},"100":{"start":{"line":101,"column":0},"end":{"line":101,"column":91}},"101":{"start":{"line":102,"column":0},"end":{"line":102,"column":25}},"102":{"start":{"line":103,"column":0},"end":{"line":103,"column":58}},"103":{"start":{"line":104,"column":0},"end":{"line":104,"column":85}},"104":{"start":{"line":105,"column":0},"end":{"line":105,"column":92}},"105":{"start":{"line":106,"column":0},"end":{"line":106,"column":87}},"106":{"start":{"line":107,"column":0},"end":{"line":107,"column":86}},"107":{"start":{"line":108,"column":0},"end":{"line":108,"column":88}},"108":{"start":{"line":109,"column":0},"end":{"line":109,"column":25}},"109":{"start":{"line":110,"column":0},"end":{"line":110,"column":26}},"110":{"start":{"line":111,"column":0},"end":{"line":111,"column":25}},"111":{"start":{"line":112,"column":0},"end":{"line":112,"column":40}},"112":{"start":{"line":113,"column":0},"end":{"line":113,"column":82}},"113":{"start":{"line":114,"column":0},"end":{"line":114,"column":81}},"114":{"start":{"line":115,"column":0},"end":{"line":115,"column":75}},"115":{"start":{"line":116,"column":0},"end":{"line":116,"column":29}},"116":{"start":{"line":117,"column":0},"end":{"line":117,"column":80}},"117":{"start":{"line":118,"column":0},"end":{"line":118,"column":59}},"118":{"start":{"line":119,"column":0},"end":{"line":119,"column":101}},"119":{"start":{"line":120,"column":0},"end":{"line":120,"column":29}},"120":{"start":{"line":121,"column":0},"end":{"line":121,"column":76}},"121":{"start":{"line":122,"column":0},"end":{"line":122,"column":99}},"122":{"start":{"line":123,"column":0},"end":{"line":123,"column":27}},"123":{"start":{"line":124,"column":0},"end":{"line":124,"column":23}},"124":{"start":{"line":125,"column":0},"end":{"line":125,"column":26}},"125":{"start":{"line":126,"column":0},"end":{"line":126,"column":24}},"127":{"start":{"line":128,"column":0},"end":{"line":128,"column":18}},"132":{"start":{"line":133,"column":0},"end":{"line":133,"column":31}},"133":{"start":{"line":134,"column":0},"end":{"line":134,"column":52}},"134":{"start":{"line":135,"column":0},"end":{"line":135,"column":19}},"135":{"start":{"line":136,"column":0},"end":{"line":136,"column":22}},"136":{"start":{"line":137,"column":0},"end":{"line":137,"column":76}},"137":{"start":{"line":138,"column":0},"end":{"line":138,"column":84}},"138":{"start":{"line":139,"column":0},"end":{"line":139,"column":16}},"139":{"start":{"line":140,"column":0},"end":{"line":140,"column":36}},"140":{"start":{"line":141,"column":0},"end":{"line":141,"column":79}},"141":{"start":{"line":142,"column":0},"end":{"line":142,"column":70}},"142":{"start":{"line":143,"column":0},"end":{"line":143,"column":19}},"143":{"start":{"line":144,"column":0},"end":{"line":144,"column":36}},"144":{"start":{"line":145,"column":0},"end":{"line":145,"column":46}},"145":{"start":{"line":146,"column":0},"end":{"line":146,"column":54}},"146":{"start":{"line":147,"column":0},"end":{"line":147,"column":54}},"147":{"start":{"line":148,"column":0},"end":{"line":148,"column":29}},"148":{"start":{"line":149,"column":0},"end":{"line":149,"column":52}},"149":{"start":{"line":150,"column":0},"end":{"line":150,"column":45}},"150":{"start":{"line":151,"column":0},"end":{"line":151,"column":26}},"151":{"start":{"line":152,"column":0},"end":{"line":152,"column":45}},"152":{"start":{"line":153,"column":0},"end":{"line":153,"column":41}},"153":{"start":{"line":154,"column":0},"end":{"line":154,"column":16}},"154":{"start":{"line":155,"column":0},"end":{"line":155,"column":13}},"156":{"start":{"line":157,"column":0},"end":{"line":157,"column":21}},"157":{"start":{"line":158,"column":0},"end":{"line":158,"column":19}},"158":{"start":{"line":159,"column":0},"end":{"line":159,"column":22}},"159":{"start":{"line":160,"column":0},"end":{"line":160,"column":76}},"160":{"start":{"line":161,"column":0},"end":{"line":161,"column":84}},"161":{"start":{"line":162,"column":0},"end":{"line":162,"column":16}},"162":{"start":{"line":163,"column":0},"end":{"line":163,"column":36}},"163":{"start":{"line":164,"column":0},"end":{"line":164,"column":81}},"164":{"start":{"line":165,"column":0},"end":{"line":165,"column":70}},"165":{"start":{"line":166,"column":0},"end":{"line":166,"column":19}},"166":{"start":{"line":167,"column":0},"end":{"line":167,"column":36}},"167":{"start":{"line":168,"column":0},"end":{"line":168,"column":46}},"168":{"start":{"line":169,"column":0},"end":{"line":169,"column":54}},"169":{"start":{"line":170,"column":0},"end":{"line":170,"column":54}},"170":{"start":{"line":171,"column":0},"end":{"line":171,"column":29}},"171":{"start":{"line":172,"column":0},"end":{"line":172,"column":53}},"172":{"start":{"line":173,"column":0},"end":{"line":173,"column":45}},"173":{"start":{"line":174,"column":0},"end":{"line":174,"column":26}},"174":{"start":{"line":175,"column":0},"end":{"line":175,"column":45}},"175":{"start":{"line":176,"column":0},"end":{"line":176,"column":41}},"176":{"start":{"line":177,"column":0},"end":{"line":177,"column":16}},"177":{"start":{"line":178,"column":0},"end":{"line":178,"column":13}},"179":{"start":{"line":180,"column":0},"end":{"line":180,"column":21}},"180":{"start":{"line":181,"column":0},"end":{"line":181,"column":16}},"182":{"start":{"line":183,"column":0},"end":{"line":183,"column":12}},"183":{"start":{"line":184,"column":0},"end":{"line":184,"column":10}},"185":{"start":{"line":186,"column":0},"end":{"line":186,"column":1}}},"s":{"0":1,"12":1,"13":13,"14":13,"15":13,"16":13,"17":13,"19":13,"20":52,"21":52,"22":52,"23":52,"24":52,"25":52,"26":52,"28":13,"29":13,"30":13,"31":13,"32":13,"33":13,"34":13,"35":13,"37":13,"39":13,"40":8,"41":7,"42":7,"43":7,"44":7,"45":7,"46":7,"47":7,"48":7,"49":7,"50":7,"51":7,"52":7,"53":7,"54":7,"55":7,"56":7,"57":7,"58":98,"59":98,"60":98,"61":98,"62":7,"63":7,"64":1,"68":13,"69":2,"70":1,"71":1,"72":1,"73":1,"74":1,"75":1,"76":1,"77":1,"78":1,"79":1,"80":1,"82":1,"83":1,"84":1,"85":1,"86":1,"87":1,"88":1,"89":1,"91":1,"92":1,"96":13,"97":2,"98":2,"99":2,"100":1,"101":1,"102":1,"103":1,"104":1,"105":1,"106":1,"107":1,"108":1,"109":1,"110":1,"111":1,"112":1,"113":1,"114":1,"115":1,"116":1,"117":1,"118":1,"119":1,"120":1,"121":1,"122":1,"123":1,"124":1,"125":1,"127":2,"132":13,"133":1,"134":1,"135":1,"136":1,"137":1,"138":1,"139":1,"140":1,"141":1,"142":1,"143":1,"144":1,"145":1,"146":1,"147":1,"148":1,"149":1,"150":1,"151":1,"152":1,"153":1,"154":1,"156":1,"157":1,"158":1,"159":1,"160":1,"161":1,"162":1,"163":1,"164":1,"165":1,"166":1,"167":1,"168":1,"169":1,"170":1,"171":1,"172":1,"173":1,"174":1,"175":1,"176":1,"177":1,"179":1,"180":1,"182":13,"183":13,"185":13},"branchMap":{"0":{"type":"branch","line":13,"loc":{"start":{"line":13,"column":7},"end":{"line":186,"column":1}},"locations":[{"start":{"line":13,"column":7},"end":{"line":186,"column":1}}]},"1":{"type":"branch","line":40,"loc":{"start":{"line":40,"column":17},"end":{"line":65,"column":34}},"locations":[{"start":{"line":40,"column":17},"end":{"line":65,"column":34}}]},"2":{"type":"branch","line":41,"loc":{"start":{"line":41,"column":10},"end":{"line":41,"column":42}},"locations":[{"start":{"line":41,"column":10},"end":{"line":41,"column":42}}]},"3":{"type":"branch","line":41,"loc":{"start":{"line":41,"column":42},"end":{"line":64,"column":18}},"locations":[{"start":{"line":41,"column":42},"end":{"line":64,"column":18}}]},"4":{"type":"branch","line":64,"loc":{"start":{"line":64,"column":12},"end":{"line":65,"column":34}},"locations":[{"start":{"line":64,"column":12},"end":{"line":65,"column":34}}]},"5":{"type":"branch","line":69,"loc":{"start":{"line":69,"column":17},"end":{"line":93,"column":56}},"locations":[{"start":{"line":69,"column":17},"end":{"line":93,"column":56}}]},"6":{"type":"branch","line":70,"loc":{"start":{"line":70,"column":10},"end":{"line":70,"column":44}},"locations":[{"start":{"line":70,"column":10},"end":{"line":70,"column":44}}]},"7":{"type":"branch","line":70,"loc":{"start":{"line":70,"column":44},"end":{"line":92,"column":18}},"locations":[{"start":{"line":70,"column":44},"end":{"line":92,"column":18}}]},"8":{"type":"branch","line":75,"loc":{"start":{"line":75,"column":40},"end":{"line":75,"column":63}},"locations":[{"start":{"line":75,"column":40},"end":{"line":75,"column":63}}]},"9":{"type":"branch","line":76,"loc":{"start":{"line":76,"column":35},"end":{"line":76,"column":58}},"locations":[{"start":{"line":76,"column":35},"end":{"line":76,"column":58}}]},"10":{"type":"branch","line":79,"loc":{"start":{"line":79,"column":29},"end":{"line":79,"column":53}},"locations":[{"start":{"line":79,"column":29},"end":{"line":79,"column":53}}]},"11":{"type":"branch","line":92,"loc":{"start":{"line":92,"column":12},"end":{"line":93,"column":56}},"locations":[{"start":{"line":92,"column":12},"end":{"line":93,"column":56}}]},"12":{"type":"branch","line":97,"loc":{"start":{"line":97,"column":17},"end":{"line":128,"column":18}},"locations":[{"start":{"line":97,"column":17},"end":{"line":128,"column":18}}]},"13":{"type":"branch","line":98,"loc":{"start":{"line":98,"column":10},"end":{"line":98,"column":43}},"locations":[{"start":{"line":98,"column":10},"end":{"line":98,"column":43}}]},"14":{"type":"branch","line":100,"loc":{"start":{"line":100,"column":31},"end":{"line":100,"column":101}},"locations":[{"start":{"line":100,"column":31},"end":{"line":100,"column":101}}]},"15":{"type":"branch","line":100,"loc":{"start":{"line":100,"column":93},"end":{"line":126,"column":24}},"locations":[{"start":{"line":100,"column":93},"end":{"line":126,"column":24}}]},"16":{"type":"branch","line":133,"loc":{"start":{"line":133,"column":17},"end":{"line":181,"column":16}},"locations":[{"start":{"line":133,"column":17},"end":{"line":181,"column":16}}]},"17":{"type":"branch","line":20,"loc":{"start":{"line":20,"column":19},"end":{"line":27,"column":5}},"locations":[{"start":{"line":20,"column":19},"end":{"line":27,"column":5}}]},"18":{"type":"branch","line":23,"loc":{"start":{"line":23,"column":24},"end":{"line":23,"column":34}},"locations":[{"start":{"line":23,"column":24},"end":{"line":23,"column":34}}]},"19":{"type":"branch","line":23,"loc":{"start":{"line":23,"column":28},"end":{"line":23,"column":38}},"locations":[{"start":{"line":23,"column":28},"end":{"line":23,"column":38}}]},"20":{"type":"branch","line":26,"loc":{"start":{"line":26,"column":39},"end":{"line":26,"column":55}},"locations":[{"start":{"line":26,"column":39},"end":{"line":26,"column":55}}]},"21":{"type":"branch","line":26,"loc":{"start":{"line":26,"column":43},"end":{"line":26,"column":68}},"locations":[{"start":{"line":26,"column":43},"end":{"line":26,"column":68}}]},"22":{"type":"branch","line":33,"loc":{"start":{"line":33,"column":55},"end":{"line":33,"column":82}},"locations":[{"start":{"line":33,"column":55},"end":{"line":33,"column":82}}]},"23":{"type":"branch","line":34,"loc":{"start":{"line":34,"column":50},"end":{"line":34,"column":72}},"locations":[{"start":{"line":34,"column":50},"end":{"line":34,"column":72}}]},"24":{"type":"branch","line":35,"loc":{"start":{"line":35,"column":53},"end":{"line":35,"column":78}},"locations":[{"start":{"line":35,"column":53},"end":{"line":35,"column":78}}]},"25":{"type":"branch","line":58,"loc":{"start":{"line":58,"column":20},"end":{"line":62,"column":22}},"locations":[{"start":{"line":58,"column":20},"end":{"line":62,"column":22}}]},"26":{"type":"branch","line":87,"loc":{"start":{"line":87,"column":42},"end":{"line":88,"column":86}},"locations":[{"start":{"line":87,"column":42},"end":{"line":88,"column":86}}]},"27":{"type":"branch","line":112,"loc":{"start":{"line":112,"column":30},"end":{"line":123,"column":27}},"locations":[{"start":{"line":112,"column":30},"end":{"line":123,"column":27}}]},"28":{"type":"branch","line":122,"loc":{"start":{"line":122,"column":79},"end":{"line":122,"column":94}},"locations":[{"start":{"line":122,"column":79},"end":{"line":122,"column":94}}]},"29":{"type":"branch","line":140,"loc":{"start":{"line":140,"column":23},"end":{"line":154,"column":16}},"locations":[{"start":{"line":140,"column":23},"end":{"line":154,"column":16}}]},"30":{"type":"branch","line":144,"loc":{"start":{"line":144,"column":29},"end":{"line":144,"column":36}},"locations":[{"start":{"line":144,"column":29},"end":{"line":144,"column":36}}]},"31":{"type":"branch","line":163,"loc":{"start":{"line":163,"column":23},"end":{"line":177,"column":16}},"locations":[{"start":{"line":163,"column":23},"end":{"line":177,"column":16}}]},"32":{"type":"branch","line":167,"loc":{"start":{"line":167,"column":29},"end":{"line":167,"column":36}},"locations":[{"start":{"line":167,"column":29},"end":{"line":167,"column":36}}]}},"b":{"0":[13],"1":[8],"2":[0],"3":[7],"4":[1],"5":[2],"6":[0],"7":[1],"8":[0],"9":[0],"10":[0],"11":[1],"12":[2],"13":[0],"14":[1],"15":[1],"16":[1],"17":[52],"18":[13],"19":[39],"20":[13],"21":[39],"22":[2],"23":[2],"24":[1],"25":[98],"26":[1],"27":[1],"28":[0],"29":[1],"30":[0],"31":[1],"32":[0]},"fnMap":{"0":{"name":"StudySummaryPanel","decl":{"start":{"line":13,"column":7},"end":{"line":186,"column":1}},"loc":{"start":{"line":13,"column":7},"end":{"line":186,"column":1}},"line":13},"1":{"name":"tabStyle","decl":{"start":{"line":20,"column":19},"end":{"line":27,"column":5}},"loc":{"start":{"line":20,"column":19},"end":{"line":27,"column":5}},"line":20},"2":{"name":"onClick","decl":{"start":{"line":32,"column":53},"end":{"line":32,"column":78}},"loc":{"start":{"line":32,"column":53},"end":{"line":32,"column":78}},"line":32},"3":{"name":"onClick","decl":{"start":{"line":33,"column":55},"end":{"line":33,"column":82}},"loc":{"start":{"line":33,"column":55},"end":{"line":33,"column":82}},"line":33},"4":{"name":"onClick","decl":{"start":{"line":34,"column":50},"end":{"line":34,"column":72}},"loc":{"start":{"line":34,"column":50},"end":{"line":34,"column":72}},"line":34},"5":{"name":"onClick","decl":{"start":{"line":35,"column":53},"end":{"line":35,"column":78}},"loc":{"start":{"line":35,"column":53},"end":{"line":35,"column":78}},"line":35},"6":{"name":"onClick","decl":{"start":{"line":140,"column":23},"end":{"line":154,"column":16}},"loc":{"start":{"line":140,"column":23},"end":{"line":154,"column":16}},"line":140},"7":{"name":"onClick","decl":{"start":{"line":163,"column":23},"end":{"line":177,"column":16}},"loc":{"start":{"line":163,"column":23},"end":{"line":177,"column":16}},"line":163}},"f":{"0":13,"1":52,"2":0,"3":2,"4":2,"5":1,"6":1,"7":1}}
,"/home/ermichel/projects/Prosper/apps/web/src/pages/DashboardPage.tsx": {"path":"/home/ermichel/projects/Prosper/apps/web/src/pages/DashboardPage.tsx","all":false,"statementMap":{"0":{"start":{"line":1,"column":0},"end":{"line":1,"column":52}},"10":{"start":{"line":11,"column":0},"end":{"line":11,"column":33}},"11":{"start":{"line":12,"column":0},"end":{"line":12,"column":59}},"12":{"start":{"line":13,"column":0},"end":{"line":13,"column":33}},"13":{"start":{"line":14,"column":0},"end":{"line":14,"column":54}},"14":{"start":{"line":15,"column":0},"end":{"line":15,"column":47}},"15":{"start":{"line":16,"column":0},"end":{"line":16,"column":70}},"16":{"start":{"line":17,"column":0},"end":{"line":17,"column":60}},"17":{"start":{"line":18,"column":0},"end":{"line":18,"column":51}},"19":{"start":{"line":20,"column":0},"end":{"line":20,"column":36}},"20":{"start":{"line":21,"column":0},"end":{"line":21,"column":9}},"21":{"start":{"line":22,"column":0},"end":{"line":22,"column":47}},"22":{"start":{"line":23,"column":0},"end":{"line":23,"column":60}},"23":{"start":{"line":24,"column":0},"end":{"line":24,"column":9}},"24":{"start":{"line":25,"column":0},"end":{"line":25,"column":19}},"25":{"start":{"line":26,"column":0},"end":{"line":26,"column":37}},"26":{"start":{"line":27,"column":0},"end":{"line":27,"column":7}},"27":{"start":{"line":28,"column":0},"end":{"line":28,"column":19}},"28":{"start":{"line":29,"column":0},"end":{"line":29,"column":25}},"29":{"start":{"line":30,"column":0},"end":{"line":30,"column":15}},"30":{"start":{"line":31,"column":0},"end":{"line":31,"column":24}},"31":{"start":{"line":32,"column":0},"end":{"line":32,"column":5}},"32":{"start":{"line":33,"column":0},"end":{"line":33,"column":4}},"34":{"start":{"line":35,"column":0},"end":{"line":35,"column":19}},"35":{"start":{"line":36,"column":0},"end":{"line":36,"column":19}},"36":{"start":{"line":37,"column":0},"end":{"line":37,"column":20}},"38":{"start":{"line":39,"column":0},"end":{"line":39,"column":32}},"39":{"start":{"line":40,"column":0},"end":{"line":40,"column":27}},"40":{"start":{"line":41,"column":0},"end":{"line":41,"column":4}},"42":{"start":{"line":43,"column":0},"end":{"line":43,"column":74}},"43":{"start":{"line":44,"column":0},"end":{"line":44,"column":24}},"44":{"start":{"line":45,"column":0},"end":{"line":45,"column":28}},"45":{"start":{"line":46,"column":0},"end":{"line":46,"column":9}},"46":{"start":{"line":47,"column":0},"end":{"line":47,"column":68}},"47":{"start":{"line":48,"column":0},"end":{"line":48,"column":23}},"48":{"start":{"line":49,"column":0},"end":{"line":49,"column":60}},"49":{"start":{"line":50,"column":0},"end":{"line":50,"column":9}},"50":{"start":{"line":51,"column":0},"end":{"line":51,"column":19}},"51":{"start":{"line":52,"column":0},"end":{"line":52,"column":29}},"52":{"start":{"line":53,"column":0},"end":{"line":53,"column":7}},"53":{"start":{"line":54,"column":0},"end":{"line":54,"column":19}},"54":{"start":{"line":55,"column":0},"end":{"line":55,"column":25}},"55":{"start":{"line":56,"column":0},"end":{"line":56,"column":15}},"56":{"start":{"line":57,"column":0},"end":{"line":57,"column":27}},"57":{"start":{"line":58,"column":0},"end":{"line":58,"column":5}},"58":{"start":{"line":59,"column":0},"end":{"line":59,"column":4}},"60":{"start":{"line":61,"column":0},"end":{"line":61,"column":39}},"61":{"start":{"line":62,"column":0},"end":{"line":62,"column":27}},"62":{"start":{"line":63,"column":0},"end":{"line":63,"column":9}},"63":{"start":{"line":64,"column":0},"end":{"line":64,"column":70}},"64":{"start":{"line":65,"column":0},"end":{"line":65,"column":15}},"65":{"start":{"line":66,"column":0},"end":{"line":66,"column":13}},"67":{"start":{"line":68,"column":0},"end":{"line":68,"column":15}},"68":{"start":{"line":69,"column":0},"end":{"line":69,"column":30}},"69":{"start":{"line":70,"column":0},"end":{"line":70,"column":5}},"70":{"start":{"line":71,"column":0},"end":{"line":71,"column":4}},"72":{"start":{"line":73,"column":0},"end":{"line":73,"column":74}},"73":{"start":{"line":74,"column":0},"end":{"line":74,"column":37}},"74":{"start":{"line":75,"column":0},"end":{"line":75,"column":22}},"75":{"start":{"line":76,"column":0},"end":{"line":76,"column":9}},"76":{"start":{"line":77,"column":0},"end":{"line":77,"column":37}},"77":{"start":{"line":78,"column":0},"end":{"line":78,"column":36}},"78":{"start":{"line":79,"column":0},"end":{"line":79,"column":54}},"79":{"start":{"line":80,"column":0},"end":{"line":80,"column":23}},"80":{"start":{"line":81,"column":0},"end":{"line":81,"column":96}},"81":{"start":{"line":82,"column":0},"end":{"line":82,"column":35}},"82":{"start":{"line":83,"column":0},"end":{"line":83,"column":9}},"83":{"start":{"line":84,"column":0},"end":{"line":84,"column":19}},"84":{"start":{"line":85,"column":0},"end":{"line":85,"column":29}},"85":{"start":{"line":86,"column":0},"end":{"line":86,"column":7}},"86":{"start":{"line":87,"column":0},"end":{"line":87,"column":19}},"87":{"start":{"line":88,"column":0},"end":{"line":88,"column":44}},"88":{"start":{"line":89,"column":0},"end":{"line":89,"column":5}},"89":{"start":{"line":90,"column":0},"end":{"line":90,"column":56}},"90":{"start":{"line":91,"column":0},"end":{"line":91,"column":4}},"92":{"start":{"line":93,"column":0},"end":{"line":93,"column":10}},"93":{"start":{"line":94,"column":0},"end":{"line":94,"column":37}},"94":{"start":{"line":95,"column":0},"end":{"line":95,"column":49}},"95":{"start":{"line":96,"column":0},"end":{"line":96,"column":65}},"96":{"start":{"line":97,"column":0},"end":{"line":97,"column":92}},"98":{"start":{"line":99,"column":0},"end":{"line":99,"column":17}},"99":{"start":{"line":100,"column":0},"end":{"line":100,"column":110}},"101":{"start":{"line":102,"column":0},"end":{"line":102,"column":17}},"102":{"start":{"line":103,"column":0},"end":{"line":103,"column":112}},"103":{"start":{"line":104,"column":0},"end":{"line":104,"column":12}},"104":{"start":{"line":105,"column":0},"end":{"line":105,"column":18}},"105":{"start":{"line":106,"column":0},"end":{"line":106,"column":28}},"107":{"start":{"line":108,"column":0},"end":{"line":108,"column":13}},"108":{"start":{"line":109,"column":0},"end":{"line":109,"column":29}},"109":{"start":{"line":110,"column":0},"end":{"line":110,"column":35}},"110":{"start":{"line":111,"column":0},"end":{"line":111,"column":47}},"112":{"start":{"line":113,"column":0},"end":{"line":113,"column":58}},"113":{"start":{"line":114,"column":0},"end":{"line":114,"column":39}},"114":{"start":{"line":115,"column":0},"end":{"line":115,"column":19}},"115":{"start":{"line":116,"column":0},"end":{"line":116,"column":32}},"116":{"start":{"line":117,"column":0},"end":{"line":117,"column":74}},"117":{"start":{"line":118,"column":0},"end":{"line":118,"column":183}},"119":{"start":{"line":120,"column":0},"end":{"line":120,"column":60}},"120":{"start":{"line":121,"column":0},"end":{"line":121,"column":25}},"121":{"start":{"line":122,"column":0},"end":{"line":122,"column":64}},"122":{"start":{"line":123,"column":0},"end":{"line":123,"column":55}},"123":{"start":{"line":124,"column":0},"end":{"line":124,"column":84}},"125":{"start":{"line":126,"column":0},"end":{"line":126,"column":66}},"126":{"start":{"line":127,"column":0},"end":{"line":127,"column":27}},"127":{"start":{"line":128,"column":0},"end":{"line":128,"column":21}},"128":{"start":{"line":129,"column":0},"end":{"line":129,"column":17}},"129":{"start":{"line":130,"column":0},"end":{"line":130,"column":17}},"131":{"start":{"line":132,"column":0},"end":{"line":132,"column":14}},"133":{"start":{"line":134,"column":0},"end":{"line":134,"column":13}},"134":{"start":{"line":135,"column":0},"end":{"line":135,"column":24}},"135":{"start":{"line":136,"column":0},"end":{"line":136,"column":100}},"136":{"start":{"line":137,"column":0},"end":{"line":137,"column":7}},"138":{"start":{"line":139,"column":0},"end":{"line":139,"column":15}},"139":{"start":{"line":140,"column":0},"end":{"line":140,"column":13}},"140":{"start":{"line":141,"column":0},"end":{"line":141,"column":33}},"141":{"start":{"line":142,"column":0},"end":{"line":142,"column":32}},"142":{"start":{"line":143,"column":0},"end":{"line":143,"column":134}},"144":{"start":{"line":145,"column":0},"end":{"line":145,"column":64}},"145":{"start":{"line":146,"column":0},"end":{"line":146,"column":15}},"146":{"start":{"line":147,"column":0},"end":{"line":147,"column":10}},"148":{"start":{"line":149,"column":0},"end":{"line":149,"column":1}}},"s":{"0":1,"10":1,"11":20,"12":20,"13":20,"14":20,"15":20,"16":20,"17":20,"19":20,"20":9,"21":9,"22":9,"23":9,"24":9,"25":9,"26":9,"27":9,"28":0,"29":9,"30":9,"31":9,"32":9,"34":20,"35":7,"36":20,"38":20,"39":1,"40":1,"42":20,"43":1,"44":1,"45":1,"46":1,"47":1,"48":1,"49":1,"50":1,"51":1,"52":1,"53":1,"54":0,"55":1,"56":1,"57":1,"58":1,"60":20,"61":1,"62":1,"63":1,"64":1,"65":1,"67":1,"68":1,"69":1,"70":1,"72":20,"73":1,"74":1,"75":1,"76":1,"77":1,"78":1,"79":1,"80":1,"81":1,"82":1,"83":1,"84":1,"85":1,"86":1,"87":0,"88":0,"89":1,"90":1,"92":20,"93":20,"94":20,"95":20,"96":20,"98":20,"99":20,"101":20,"102":20,"103":20,"104":20,"105":7,"107":13,"108":13,"109":13,"110":0,"112":13,"113":13,"114":13,"115":13,"116":13,"117":13,"119":13,"120":13,"121":13,"122":13,"123":13,"125":13,"126":13,"127":13,"128":13,"129":13,"131":13,"133":20,"134":20,"135":20,"136":20,"138":20,"139":20,"140":20,"141":20,"142":20,"144":20,"145":20,"146":20,"148":20},"branchMap":{"0":{"type":"branch","line":11,"loc":{"start":{"line":11,"column":7},"end":{"line":149,"column":1}},"locations":[{"start":{"line":11,"column":7},"end":{"line":149,"column":1}}]},"1":{"type":"branch","line":105,"loc":{"start":{"line":105,"column":7},"end":{"line":106,"column":28}},"locations":[{"start":{"line":105,"column":7},"end":{"line":106,"column":28}}]},"2":{"type":"branch","line":106,"loc":{"start":{"line":106,"column":24},"end":{"line":132,"column":14}},"locations":[{"start":{"line":106,"column":24},"end":{"line":132,"column":14}}]},"3":{"type":"branch","line":110,"loc":{"start":{"line":110,"column":30},"end":{"line":111,"column":47}},"locations":[{"start":{"line":110,"column":30},"end":{"line":111,"column":47}}]},"4":{"type":"branch","line":145,"loc":{"start":{"line":145,"column":9},"end":{"line":145,"column":31}},"locations":[{"start":{"line":145,"column":9},"end":{"line":145,"column":31}}]},"5":{"type":"branch","line":145,"loc":{"start":{"line":145,"column":25},"end":{"line":145,"column":64}},"locations":[{"start":{"line":145,"column":25},"end":{"line":145,"column":64}}]},"6":{"type":"branch","line":20,"loc":{"start":{"line":20,"column":23},"end":{"line":33,"column":4}},"locations":[{"start":{"line":20,"column":23},"end":{"line":33,"column":4}}]},"7":{"type":"branch","line":28,"loc":{"start":{"line":28,"column":4},"end":{"line":30,"column":6}},"locations":[{"start":{"line":28,"column":4},"end":{"line":30,"column":6}}]},"8":{"type":"branch","line":35,"loc":{"start":{"line":35,"column":12},"end":{"line":37,"column":5}},"locations":[{"start":{"line":35,"column":12},"end":{"line":37,"column":5}}]},"9":{"type":"branch","line":39,"loc":{"start":{"line":39,"column":25},"end":{"line":41,"column":4}},"locations":[{"start":{"line":39,"column":25},"end":{"line":41,"column":4}}]},"10":{"type":"branch","line":43,"loc":{"start":{"line":43,"column":25},"end":{"line":59,"column":4}},"locations":[{"start":{"line":43,"column":25},"end":{"line":59,"column":4}}]},"11":{"type":"branch","line":54,"loc":{"start":{"line":54,"column":4},"end":{"line":56,"column":6}},"locations":[{"start":{"line":54,"column":4},"end":{"line":56,"column":6}}]},"12":{"type":"branch","line":61,"loc":{"start":{"line":61,"column":26},"end":{"line":71,"column":4}},"locations":[{"start":{"line":61,"column":26},"end":{"line":71,"column":4}}]},"13":{"type":"branch","line":66,"loc":{"start":{"line":66,"column":4},"end":{"line":68,"column":6}},"locations":[{"start":{"line":66,"column":4},"end":{"line":68,"column":6}}]},"14":{"type":"branch","line":73,"loc":{"start":{"line":73,"column":23},"end":{"line":91,"column":4}},"locations":[{"start":{"line":73,"column":23},"end":{"line":91,"column":4}}]},"15":{"type":"branch","line":75,"loc":{"start":{"line":75,"column":15},"end":{"line":75,"column":22}},"locations":[{"start":{"line":75,"column":15},"end":{"line":75,"column":22}}]},"16":{"type":"branch","line":87,"loc":{"start":{"line":87,"column":4},"end":{"line":89,"column":5}},"locations":[{"start":{"line":87,"column":4},"end":{"line":89,"column":5}}]},"17":{"type":"branch","line":114,"loc":{"start":{"line":114,"column":27},"end":{"line":128,"column":21}},"locations":[{"start":{"line":114,"column":27},"end":{"line":128,"column":21}}]},"18":{"type":"branch","line":126,"loc":{"start":{"line":126,"column":43},"end":{"line":126,"column":54}},"locations":[{"start":{"line":126,"column":43},"end":{"line":126,"column":54}}]},"19":{"type":"branch","line":126,"loc":{"start":{"line":126,"column":48},"end":{"line":126,"column":66}},"locations":[{"start":{"line":126,"column":48},"end":{"line":126,"column":66}}]},"20":{"type":"branch","line":117,"loc":{"start":{"line":117,"column":27},"end":{"line":117,"column":74}},"locations":[{"start":{"line":117,"column":27},"end":{"line":117,"column":74}}]},"21":{"type":"branch","line":122,"loc":{"start":{"line":122,"column":29},"end":{"line":122,"column":64}},"locations":[{"start":{"line":122,"column":29},"end":{"line":122,"column":64}}]}},"b":{"0":[20],"1":[7],"2":[13],"3":[0],"4":[1],"5":[19],"6":[9],"7":[0],"8":[7],"9":[1],"10":[1],"11":[0],"12":[1],"13":[0],"14":[1],"15":[0],"16":[0],"17":[13],"18":[2],"19":[11],"20":[1],"21":[1]},"fnMap":{"0":{"name":"DashboardPage","decl":{"start":{"line":11,"column":7},"end":{"line":149,"column":1}},"loc":{"start":{"line":11,"column":7},"end":{"line":149,"column":1}},"line":11},"1":{"name":"fetchStudies","decl":{"start":{"line":20,"column":23},"end":{"line":33,"column":4}},"loc":{"start":{"line":20,"column":23},"end":{"line":33,"column":4}},"line":20},"2":{"name":"createNewStudy","decl":{"start":{"line":39,"column":25},"end":{"line":41,"column":4}},"loc":{"start":{"line":39,"column":25},"end":{"line":41,"column":4}},"line":39},"3":{"name":"duplicateStudy","decl":{"start":{"line":43,"column":25},"end":{"line":59,"column":4}},"loc":{"start":{"line":43,"column":25},"end":{"line":59,"column":4}},"line":43},"4":{"name":"handleLogoutAll","decl":{"start":{"line":61,"column":26},"end":{"line":71,"column":4}},"loc":{"start":{"line":61,"column":26},"end":{"line":71,"column":4}},"line":61},"5":{"name":"handleImport","decl":{"start":{"line":73,"column":23},"end":{"line":91,"column":4}},"loc":{"start":{"line":73,"column":23},"end":{"line":91,"column":4}},"line":73},"6":{"name":"onClick","decl":{"start":{"line":100,"column":25},"end":{"line":100,"column":59}},"loc":{"start":{"line":100,"column":25},"end":{"line":100,"column":59}},"line":100},"7":{"name":"onClick","decl":{"start":{"line":117,"column":27},"end":{"line":117,"column":74}},"loc":{"start":{"line":117,"column":27},"end":{"line":117,"column":74}},"line":117},"8":{"name":"onClick","decl":{"start":{"line":122,"column":29},"end":{"line":122,"column":64}},"loc":{"start":{"line":122,"column":29},"end":{"line":122,"column":64}},"line":122}},"f":{"0":20,"1":9,"2":1,"3":1,"4":1,"5":1,"6":0,"7":1,"8":1}}
}
