{"/home/ermichel/projects/Prosper/apps/api/src/services/AuditLogService.ts": {"path":"/home/ermichel/projects/Prosper/apps/api/src/services/AuditLogService.ts","all":false,"statementMap":{"0":{"start":{"line":1,"column":0},"end":{"line":1,"column":46}},"2":{"start":{"line":3,"column":0},"end":{"line":3,"column":34}},"13":{"start":{"line":14,"column":0},"end":{"line":14,"column":30}},"14":{"start":{"line":15,"column":0},"end":{"line":15,"column":59}},"15":{"start":{"line":16,"column":0},"end":{"line":16,"column":39}},"16":{"start":{"line":17,"column":0},"end":{"line":17,"column":13}},"17":{"start":{"line":18,"column":0},"end":{"line":18,"column":32}},"18":{"start":{"line":19,"column":0},"end":{"line":19,"column":30}},"19":{"start":{"line":20,"column":0},"end":{"line":20,"column":30}},"20":{"start":{"line":21,"column":0},"end":{"line":21,"column":30}},"21":{"start":{"line":22,"column":0},"end":{"line":22,"column":34}},"22":{"start":{"line":23,"column":0},"end":{"line":23,"column":32}},"23":{"start":{"line":24,"column":0},"end":{"line":24,"column":8}},"24":{"start":{"line":25,"column":0},"end":{"line":25,"column":7}},"25":{"start":{"line":26,"column":0},"end":{"line":26,"column":3}},"27":{"start":{"line":28,"column":0},"end":{"line":28,"column":44}},"28":{"start":{"line":29,"column":0},"end":{"line":29,"column":42}},"29":{"start":{"line":30,"column":0},"end":{"line":30,"column":25}},"30":{"start":{"line":31,"column":0},"end":{"line":31,"column":53}},"31":{"start":{"line":32,"column":0},"end":{"line":32,"column":37}},"32":{"start":{"line":33,"column":0},"end":{"line":33,"column":7}},"33":{"start":{"line":34,"column":0},"end":{"line":34,"column":3}},"34":{"start":{"line":35,"column":0},"end":{"line":35,"column":1}}},"s":{"0":1,"2":1,"13":1,"14":1,"15":2,"16":2,"17":2,"18":2,"19":2,"20":2,"21":2,"22":2,"23":2,"24":2,"25":2,"27":1,"28":1,"29":1,"30":1,"31":1,"32":1,"33":1,"34":1},"branchMap":{"0":{"type":"branch","line":15,"loc":{"start":{"line":15,"column":2},"end":{"line":26,"column":3}},"locations":[{"start":{"line":15,"column":2},"end":{"line":26,"column":3}}]},"1":{"type":"branch","line":28,"loc":{"start":{"line":28,"column":2},"end":{"line":34,"column":3}},"locations":[{"start":{"line":28,"column":2},"end":{"line":34,"column":3}}]}},"b":{"0":[2],"1":[1]},"fnMap":{"0":{"name":"log","decl":{"start":{"line":15,"column":2},"end":{"line":26,"column":3}},"loc":{"start":{"line":15,"column":2},"end":{"line":26,"column":3}},"line":15},"1":{"name":"getByStudy","decl":{"start":{"line":28,"column":2},"end":{"line":34,"column":3}},"loc":{"start":{"line":28,"column":2},"end":{"line":34,"column":3}},"line":28}},"f":{"0":2,"1":1}}
}
